2024-08-01 01:52:21 INFO  o.h.validator.internal.util.Version - HV000001: Hibernate Validator 8.0.1.Final
2024-08-01 01:52:21 INFO  c.s.O.OnlyStudentApplication - Starting OnlyStudentApplication using Java 20.0.2 with PID 13040 (/home/peterson/Documentos/Projetos/OnlyStudent/target/classes started by peterson in /home/peterson/Documentos/Projetos/OnlyStudent)
2024-08-01 01:52:21 INFO  c.s.O.OnlyStudentApplication - No active profile set, falling back to 1 default profile: "default"
2024-08-01 01:52:21 INFO  o.s.b.d.e.DevToolsPropertyDefaultsPostProcessor - Devtools property defaults active! Set 'spring.devtools.add-properties' to 'false' to disable
2024-08-01 01:52:21 INFO  o.s.b.d.e.DevToolsPropertyDefaultsPostProcessor - For additional web related logging consider setting the 'logging.level.web' property to 'DEBUG'
2024-08-01 01:52:23 INFO  o.s.d.r.c.RepositoryConfigurationDelegate - Bootstrapping Spring Data JPA repositories in DEFAULT mode.
2024-08-01 01:52:23 INFO  o.s.d.r.c.RepositoryConfigurationDelegate - Finished Spring Data repository scanning in 276 ms. Found 4 JPA repository interfaces.
2024-08-01 01:52:28 INFO  o.s.b.w.e.tomcat.TomcatWebServer - Tomcat initialized with port 8080 (http)
2024-08-01 01:52:28 INFO  o.a.coyote.http11.Http11NioProtocol - Initializing ProtocolHandler ["http-nio-8080"]
2024-08-01 01:52:28 INFO  o.a.catalina.core.StandardService - Starting service [Tomcat]
2024-08-01 01:52:28 INFO  o.a.catalina.core.StandardEngine - Starting Servlet engine: [Apache Tomcat/10.1.25]
2024-08-01 01:52:28 INFO  o.a.c.c.C.[Tomcat].[localhost].[/] - Initializing Spring embedded WebApplicationContext
2024-08-01 01:52:28 INFO  o.s.b.w.s.c.ServletWebServerApplicationContext - Root WebApplicationContext: initialization completed in 7472 ms
2024-08-01 01:52:29 INFO  o.h.jpa.internal.util.LogHelper - HHH000204: Processing PersistenceUnitInfo [name: default]
2024-08-01 01:52:29 INFO  org.hibernate.Version - HHH000412: Hibernate ORM core version 6.5.2.Final
2024-08-01 01:52:29 INFO  o.h.c.i.RegionFactoryInitiator - HHH000026: Second-level cache disabled
2024-08-01 01:52:30 INFO  o.s.o.j.p.SpringPersistenceUnitInfo - No LoadTimeWeaver setup: ignoring JPA class transformer
2024-08-01 01:52:30 INFO  com.zaxxer.hikari.HikariDataSource - HikariPool-1 - Starting...
2024-08-01 01:52:31 INFO  com.zaxxer.hikari.pool.HikariPool - HikariPool-1 - Added connection org.postgresql.jdbc.PgConnection@5854e16c
2024-08-01 01:52:31 INFO  com.zaxxer.hikari.HikariDataSource - HikariPool-1 - Start completed.
2024-08-01 01:52:31 WARN  org.hibernate.orm.deprecation - HHH90000025: PostgreSQLDialect does not need to be specified explicitly using 'hibernate.dialect' (remove the property setting and it will be selected by default)
2024-08-01 01:52:34 INFO  o.h.e.t.j.p.i.JtaPlatformInitiator - HHH000489: No JTA platform available (set 'hibernate.transaction.jta.platform' to enable JTA platform integration)
2024-08-01 01:52:35 INFO  o.s.o.j.LocalContainerEntityManagerFactoryBean - Initialized JPA EntityManagerFactory for persistence unit 'default'
2024-08-01 01:52:35 WARN  o.s.b.a.o.j.JpaBaseConfiguration$JpaWebConfiguration - spring.jpa.open-in-view is enabled by default. Therefore, database queries may be performed during view rendering. Explicitly configure spring.jpa.open-in-view to disable this warning
2024-08-01 01:52:36 INFO  o.s.b.d.a.OptionalLiveReloadServer - LiveReload server is running on port 35729
2024-08-01 01:52:36 INFO  o.a.coyote.http11.Http11NioProtocol - Starting ProtocolHandler ["http-nio-8080"]
2024-08-01 01:52:36 INFO  o.s.b.w.e.tomcat.TomcatWebServer - Tomcat started on port 8080 (http) with context path '/'
2024-08-01 01:52:36 INFO  c.s.O.OnlyStudentApplication - Started OnlyStudentApplication in 17.05 seconds (process running for 20.291)
2024-08-01 02:16:37 INFO  o.a.c.c.C.[Tomcat].[localhost].[/] - Initializing Spring DispatcherServlet 'dispatcherServlet'
2024-08-01 02:16:37 INFO  o.s.web.servlet.DispatcherServlet - Initializing Servlet 'dispatcherServlet'
2024-08-01 02:16:37 INFO  o.s.web.servlet.DispatcherServlet - Completed initialization in 2 ms
2024-08-01 02:16:37 INFO  c.s.O.infra.security.SecurityFilter - null
2024-08-01 02:34:53 INFO  o.s.b.a.SpringApplicationAdminMXBeanRegistrar$SpringApplicationAdmin - Application shutdown requested.
2024-08-01 02:34:53 INFO  o.a.coyote.http11.Http11NioProtocol - Stopping ProtocolHandler ["http-nio-8080"]
2024-08-01 02:34:53 INFO  o.s.o.j.LocalContainerEntityManagerFactoryBean - Closing JPA EntityManagerFactory for persistence unit 'default'
2024-08-01 02:34:53 INFO  com.zaxxer.hikari.HikariDataSource - HikariPool-1 - Shutdown initiated...
2024-08-01 02:34:53 INFO  com.zaxxer.hikari.HikariDataSource - HikariPool-1 - Shutdown completed.
2024-08-01 12:45:04 INFO  o.h.validator.internal.util.Version - HV000001: Hibernate Validator 8.0.1.Final
2024-08-01 12:45:04 INFO  c.s.O.OnlyStudentApplication - Starting OnlyStudentApplication using Java 20.0.2 with PID 5843 (/home/peterson/Documentos/Projetos/OnlyStudent/target/classes started by peterson in /home/peterson/Documentos/Projetos/OnlyStudent)
2024-08-01 12:45:04 INFO  c.s.O.OnlyStudentApplication - No active profile set, falling back to 1 default profile: "default"
2024-08-01 12:45:05 INFO  o.s.b.d.e.DevToolsPropertyDefaultsPostProcessor - Devtools property defaults active! Set 'spring.devtools.add-properties' to 'false' to disable
2024-08-01 12:45:05 INFO  o.s.b.d.e.DevToolsPropertyDefaultsPostProcessor - For additional web related logging consider setting the 'logging.level.web' property to 'DEBUG'
2024-08-01 12:45:09 INFO  o.s.d.r.c.RepositoryConfigurationDelegate - Bootstrapping Spring Data JPA repositories in DEFAULT mode.
2024-08-01 12:45:09 INFO  o.s.d.r.c.RepositoryConfigurationDelegate - Finished Spring Data repository scanning in 219 ms. Found 4 JPA repository interfaces.
2024-08-01 12:45:13 INFO  o.s.b.w.e.tomcat.TomcatWebServer - Tomcat initialized with port 8080 (http)
2024-08-01 12:45:13 INFO  o.a.coyote.http11.Http11NioProtocol - Initializing ProtocolHandler ["http-nio-8080"]
2024-08-01 12:45:13 INFO  o.a.catalina.core.StandardService - Starting service [Tomcat]
2024-08-01 12:45:13 INFO  o.a.catalina.core.StandardEngine - Starting Servlet engine: [Apache Tomcat/10.1.25]
2024-08-01 12:45:13 INFO  o.a.c.c.C.[Tomcat].[localhost].[/] - Initializing Spring embedded WebApplicationContext
2024-08-01 12:45:13 INFO  o.s.b.w.s.c.ServletWebServerApplicationContext - Root WebApplicationContext: initialization completed in 8320 ms
2024-08-01 12:45:14 INFO  o.h.jpa.internal.util.LogHelper - HHH000204: Processing PersistenceUnitInfo [name: default]
2024-08-01 12:45:15 INFO  org.hibernate.Version - HHH000412: Hibernate ORM core version 6.5.2.Final
2024-08-01 12:45:16 INFO  o.h.c.i.RegionFactoryInitiator - HHH000026: Second-level cache disabled
2024-08-01 12:45:20 INFO  o.s.o.j.p.SpringPersistenceUnitInfo - No LoadTimeWeaver setup: ignoring JPA class transformer
2024-08-01 12:45:20 INFO  com.zaxxer.hikari.HikariDataSource - HikariPool-1 - Starting...
2024-08-01 12:45:22 INFO  com.zaxxer.hikari.pool.HikariPool - HikariPool-1 - Added connection org.postgresql.jdbc.PgConnection@6fe7ddc5
2024-08-01 12:45:22 INFO  com.zaxxer.hikari.HikariDataSource - HikariPool-1 - Start completed.
2024-08-01 12:45:23 WARN  org.hibernate.orm.deprecation - HHH90000025: PostgreSQLDialect does not need to be specified explicitly using 'hibernate.dialect' (remove the property setting and it will be selected by default)
2024-08-01 12:45:27 INFO  o.h.e.t.j.p.i.JtaPlatformInitiator - HHH000489: No JTA platform available (set 'hibernate.transaction.jta.platform' to enable JTA platform integration)
2024-08-01 12:45:29 INFO  o.s.o.j.LocalContainerEntityManagerFactoryBean - Initialized JPA EntityManagerFactory for persistence unit 'default'
2024-08-01 12:45:31 WARN  o.s.b.a.o.j.JpaBaseConfiguration$JpaWebConfiguration - spring.jpa.open-in-view is enabled by default. Therefore, database queries may be performed during view rendering. Explicitly configure spring.jpa.open-in-view to disable this warning
2024-08-01 12:45:32 INFO  o.s.b.d.a.OptionalLiveReloadServer - LiveReload server is running on port 35729
2024-08-01 12:45:32 INFO  o.a.coyote.http11.Http11NioProtocol - Starting ProtocolHandler ["http-nio-8080"]
2024-08-01 12:45:32 INFO  o.s.b.w.e.tomcat.TomcatWebServer - Tomcat started on port 8080 (http) with context path '/'
2024-08-01 12:45:32 INFO  c.s.O.OnlyStudentApplication - Started OnlyStudentApplication in 29.203 seconds (process running for 31.53)
2024-08-01 13:08:06 INFO  o.a.c.c.C.[Tomcat].[localhost].[/] - Initializing Spring DispatcherServlet 'dispatcherServlet'
2024-08-01 13:08:06 INFO  o.s.web.servlet.DispatcherServlet - Initializing Servlet 'dispatcherServlet'
2024-08-01 13:08:06 INFO  o.s.web.servlet.DispatcherServlet - Completed initialization in 5 ms
2024-08-01 13:08:06 INFO  c.s.O.infra.security.SecurityFilter - null
2024-08-01 20:07:51 INFO  o.s.b.d.a.LocalDevToolsAutoConfiguration$RestartingClassPathChangeChangedEventListener - Restarting due to 3 class path changes (0 additions, 0 deletions, 3 modifications)
2024-08-01 20:07:51 INFO  o.a.coyote.http11.Http11NioProtocol - Stopping ProtocolHandler ["http-nio-8080"]
2024-08-01 20:07:51 INFO  o.s.o.j.LocalContainerEntityManagerFactoryBean - Closing JPA EntityManagerFactory for persistence unit 'default'
2024-08-01 20:07:51 INFO  com.zaxxer.hikari.HikariDataSource - HikariPool-1 - Shutdown initiated...
2024-08-01 20:07:51 INFO  com.zaxxer.hikari.HikariDataSource - HikariPool-1 - Shutdown completed.
2024-08-01 20:07:52 INFO  c.s.O.OnlyStudentApplication - Starting OnlyStudentApplication using Java 20.0.2 with PID 5843 (/home/peterson/Documentos/Projetos/OnlyStudent/target/classes started by peterson in /home/peterson/Documentos/Projetos/OnlyStudent)
2024-08-01 20:07:52 INFO  c.s.O.OnlyStudentApplication - No active profile set, falling back to 1 default profile: "default"
2024-08-01 20:07:53 INFO  o.s.d.r.c.RepositoryConfigurationDelegate - Bootstrapping Spring Data JPA repositories in DEFAULT mode.
2024-08-01 20:07:53 INFO  o.s.d.r.c.RepositoryConfigurationDelegate - Finished Spring Data repository scanning in 90 ms. Found 4 JPA repository interfaces.
2024-08-01 20:07:54 INFO  o.s.b.w.e.tomcat.TomcatWebServer - Tomcat initialized with port 8080 (http)
2024-08-01 20:07:54 INFO  o.a.coyote.http11.Http11NioProtocol - Initializing ProtocolHandler ["http-nio-8080"]
2024-08-01 20:07:54 INFO  o.a.catalina.core.StandardService - Starting service [Tomcat]
2024-08-01 20:07:54 INFO  o.a.catalina.core.StandardEngine - Starting Servlet engine: [Apache Tomcat/10.1.25]
2024-08-01 20:07:54 INFO  o.a.c.c.C.[Tomcat].[localhost].[/] - Initializing Spring embedded WebApplicationContext
2024-08-01 20:07:54 INFO  o.s.b.w.s.c.ServletWebServerApplicationContext - Root WebApplicationContext: initialization completed in 2159 ms
2024-08-01 20:07:54 INFO  o.h.jpa.internal.util.LogHelper - HHH000204: Processing PersistenceUnitInfo [name: default]
2024-08-01 20:07:54 INFO  o.h.c.i.RegionFactoryInitiator - HHH000026: Second-level cache disabled
2024-08-01 20:07:54 INFO  o.s.o.j.p.SpringPersistenceUnitInfo - No LoadTimeWeaver setup: ignoring JPA class transformer
2024-08-01 20:07:54 INFO  com.zaxxer.hikari.HikariDataSource - HikariPool-2 - Starting...
2024-08-01 20:07:54 INFO  com.zaxxer.hikari.pool.HikariPool - HikariPool-2 - Added connection org.postgresql.jdbc.PgConnection@268ec86a
2024-08-01 20:07:54 INFO  com.zaxxer.hikari.HikariDataSource - HikariPool-2 - Start completed.
2024-08-01 20:07:54 WARN  org.hibernate.orm.deprecation - HHH90000025: PostgreSQLDialect does not need to be specified explicitly using 'hibernate.dialect' (remove the property setting and it will be selected by default)
2024-08-01 20:07:55 INFO  o.h.e.t.j.p.i.JtaPlatformInitiator - HHH000489: No JTA platform available (set 'hibernate.transaction.jta.platform' to enable JTA platform integration)
2024-08-01 20:07:55 INFO  o.s.o.j.LocalContainerEntityManagerFactoryBean - Initialized JPA EntityManagerFactory for persistence unit 'default'
2024-08-01 20:07:55 WARN  o.s.b.a.o.j.JpaBaseConfiguration$JpaWebConfiguration - spring.jpa.open-in-view is enabled by default. Therefore, database queries may be performed during view rendering. Explicitly configure spring.jpa.open-in-view to disable this warning
2024-08-01 20:07:56 INFO  o.s.b.d.a.OptionalLiveReloadServer - LiveReload server is running on port 35729
2024-08-01 20:07:56 INFO  o.a.coyote.http11.Http11NioProtocol - Starting ProtocolHandler ["http-nio-8080"]
2024-08-01 20:07:56 INFO  o.s.b.w.e.tomcat.TomcatWebServer - Tomcat started on port 8080 (http) with context path '/'
2024-08-01 20:07:56 INFO  c.s.O.OnlyStudentApplication - Started OnlyStudentApplication in 4.704 seconds (process running for 26575.681)
2024-08-01 20:07:56 INFO  o.s.b.d.a.ConditionEvaluationDeltaLoggingListener - Condition evaluation unchanged
2024-08-01 20:08:48 INFO  o.s.b.d.a.LocalDevToolsAutoConfiguration$RestartingClassPathChangeChangedEventListener - Restarting due to 1 class path change (0 additions, 0 deletions, 1 modification)
2024-08-01 20:08:48 INFO  o.a.coyote.http11.Http11NioProtocol - Stopping ProtocolHandler ["http-nio-8080"]
2024-08-01 20:08:48 INFO  o.s.o.j.LocalContainerEntityManagerFactoryBean - Closing JPA EntityManagerFactory for persistence unit 'default'
2024-08-01 20:08:48 INFO  com.zaxxer.hikari.HikariDataSource - HikariPool-2 - Shutdown initiated...
2024-08-01 20:08:48 INFO  com.zaxxer.hikari.HikariDataSource - HikariPool-2 - Shutdown completed.
2024-08-01 20:08:48 INFO  c.s.O.OnlyStudentApplication - Starting OnlyStudentApplication using Java 20.0.2 with PID 5843 (/home/peterson/Documentos/Projetos/OnlyStudent/target/classes started by peterson in /home/peterson/Documentos/Projetos/OnlyStudent)
2024-08-01 20:08:48 INFO  c.s.O.OnlyStudentApplication - No active profile set, falling back to 1 default profile: "default"
2024-08-01 20:08:49 INFO  o.s.d.r.c.RepositoryConfigurationDelegate - Bootstrapping Spring Data JPA repositories in DEFAULT mode.
2024-08-01 20:08:49 INFO  o.s.d.r.c.RepositoryConfigurationDelegate - Finished Spring Data repository scanning in 67 ms. Found 4 JPA repository interfaces.
2024-08-01 20:08:49 INFO  o.s.b.w.e.tomcat.TomcatWebServer - Tomcat initialized with port 8080 (http)
2024-08-01 20:08:49 INFO  o.a.coyote.http11.Http11NioProtocol - Initializing ProtocolHandler ["http-nio-8080"]
2024-08-01 20:08:49 INFO  o.a.catalina.core.StandardService - Starting service [Tomcat]
2024-08-01 20:08:49 INFO  o.a.catalina.core.StandardEngine - Starting Servlet engine: [Apache Tomcat/10.1.25]
2024-08-01 20:08:49 INFO  o.a.c.c.C.[Tomcat].[localhost].[/] - Initializing Spring embedded WebApplicationContext
2024-08-01 20:08:49 INFO  o.s.b.w.s.c.ServletWebServerApplicationContext - Root WebApplicationContext: initialization completed in 1384 ms
2024-08-01 20:08:50 INFO  o.h.jpa.internal.util.LogHelper - HHH000204: Processing PersistenceUnitInfo [name: default]
2024-08-01 20:08:50 INFO  o.h.c.i.RegionFactoryInitiator - HHH000026: Second-level cache disabled
2024-08-01 20:08:50 INFO  o.s.o.j.p.SpringPersistenceUnitInfo - No LoadTimeWeaver setup: ignoring JPA class transformer
2024-08-01 20:08:50 INFO  com.zaxxer.hikari.HikariDataSource - HikariPool-3 - Starting...
2024-08-01 20:08:50 INFO  com.zaxxer.hikari.pool.HikariPool - HikariPool-3 - Added connection org.postgresql.jdbc.PgConnection@55f873e3
2024-08-01 20:08:50 INFO  com.zaxxer.hikari.HikariDataSource - HikariPool-3 - Start completed.
2024-08-01 20:08:50 WARN  org.hibernate.orm.deprecation - HHH90000025: PostgreSQLDialect does not need to be specified explicitly using 'hibernate.dialect' (remove the property setting and it will be selected by default)
2024-08-01 20:08:50 INFO  o.h.e.t.j.p.i.JtaPlatformInitiator - HHH000489: No JTA platform available (set 'hibernate.transaction.jta.platform' to enable JTA platform integration)
2024-08-01 20:08:50 INFO  o.s.o.j.LocalContainerEntityManagerFactoryBean - Initialized JPA EntityManagerFactory for persistence unit 'default'
2024-08-01 20:08:51 WARN  o.s.b.a.o.j.JpaBaseConfiguration$JpaWebConfiguration - spring.jpa.open-in-view is enabled by default. Therefore, database queries may be performed during view rendering. Explicitly configure spring.jpa.open-in-view to disable this warning
2024-08-01 20:08:52 INFO  o.s.b.d.a.OptionalLiveReloadServer - LiveReload server is running on port 35729
2024-08-01 20:08:52 INFO  o.a.coyote.http11.Http11NioProtocol - Starting ProtocolHandler ["http-nio-8080"]
2024-08-01 20:08:52 INFO  o.s.b.w.e.tomcat.TomcatWebServer - Tomcat started on port 8080 (http) with context path '/'
2024-08-01 20:08:52 INFO  c.s.O.OnlyStudentApplication - Started OnlyStudentApplication in 3.896 seconds (process running for 26631.341)
2024-08-01 20:08:52 INFO  o.s.b.d.a.ConditionEvaluationDeltaLoggingListener - Condition evaluation unchanged
2024-08-01 20:36:23 INFO  o.a.c.c.C.[Tomcat].[localhost].[/] - Initializing Spring DispatcherServlet 'dispatcherServlet'
2024-08-01 20:36:23 INFO  o.s.web.servlet.DispatcherServlet - Initializing Servlet 'dispatcherServlet'
2024-08-01 20:36:23 INFO  o.s.web.servlet.DispatcherServlet - Completed initialization in 4 ms
2024-08-01 20:36:23 INFO  c.s.O.infra.security.SecurityFilter - null
2024-08-01 20:36:47 INFO  c.s.O.infra.security.SecurityFilter - null
2024-08-01 20:37:23 INFO  c.s.O.infra.security.SecurityFilter - null
2024-08-01 20:39:57 INFO  c.s.O.infra.security.SecurityFilter - null
2024-08-01 20:40:40 INFO  c.s.O.infra.security.SecurityFilter - null
2024-08-01 20:42:17 INFO  c.s.O.infra.security.SecurityFilter - null
2024-08-01 20:42:53 INFO  c.s.O.infra.security.SecurityFilter - null
2024-08-01 20:53:05 INFO  c.s.O.infra.security.SecurityFilter - null
2024-08-01 20:53:48 INFO  c.s.O.infra.security.SecurityFilter - null
2024-08-01 20:54:21 INFO  c.s.O.infra.security.SecurityFilter - null
2024-08-01 20:55:30 INFO  c.s.O.infra.security.SecurityFilter - null
2024-08-01 20:57:13 INFO  c.s.O.infra.security.SecurityFilter - null
2024-08-01 20:57:29 INFO  c.s.O.infra.security.SecurityFilter - null
2024-08-01 20:57:45 INFO  c.s.O.infra.security.SecurityFilter - null
2024-08-01 20:59:34 INFO  c.s.O.infra.security.SecurityFilter - null
2024-08-01 21:03:40 INFO  c.s.O.infra.security.SecurityFilter - null
2024-08-01 21:04:12 INFO  c.s.O.infra.security.SecurityFilter - null
2024-08-01 21:06:39 INFO  c.s.O.infra.security.SecurityFilter - null
2024-08-01 21:06:48 INFO  c.s.O.infra.security.SecurityFilter - null
2024-08-01 21:13:28 INFO  c.s.O.infra.security.SecurityFilter - null
2024-08-01 21:14:08 INFO  c.s.O.infra.security.SecurityFilter - null
2024-08-01 21:14:31 INFO  c.s.O.infra.security.SecurityFilter - null
2024-08-01 21:14:46 INFO  c.s.O.infra.security.SecurityFilter - null
2024-08-01 21:18:50 INFO  c.s.O.infra.security.SecurityFilter - null
2024-08-01 21:21:03 INFO  c.s.O.infra.security.SecurityFilter - null
2024-08-01 21:21:04 INFO  c.s.O.c.AuthenticationController - Incorrect Password
2024-08-01 21:21:33 INFO  c.s.O.infra.security.SecurityFilter - null
2024-08-01 21:21:33 INFO  c.s.O.c.AuthenticationController - Incorrect Password
2024-08-01 21:21:59 INFO  c.s.O.infra.security.SecurityFilter - null
2024-08-01 21:21:59 INFO  c.s.O.c.AuthenticationController - Incorrect Password
2024-08-01 21:22:30 INFO  c.s.O.infra.security.SecurityFilter - null
2024-08-01 21:22:31 INFO  c.s.O.c.AuthenticationController - Incorrect Password
2024-08-01 21:22:37 INFO  c.s.O.infra.security.SecurityFilter - null
2024-08-01 21:23:09 INFO  c.s.O.infra.security.SecurityFilter - null
2024-08-01 21:24:54 INFO  c.s.O.infra.security.SecurityFilter - null
2024-08-01 22:44:43 INFO  o.s.b.d.a.LocalDevToolsAutoConfiguration$RestartingClassPathChangeChangedEventListener - Restarting due to 2 class path changes (0 additions, 0 deletions, 2 modifications)
2024-08-01 22:44:43 INFO  o.a.coyote.http11.Http11NioProtocol - Stopping ProtocolHandler ["http-nio-8080"]
2024-08-01 22:44:43 INFO  o.s.o.j.LocalContainerEntityManagerFactoryBean - Closing JPA EntityManagerFactory for persistence unit 'default'
2024-08-01 22:44:43 INFO  com.zaxxer.hikari.HikariDataSource - HikariPool-3 - Shutdown initiated...
2024-08-01 22:44:43 INFO  com.zaxxer.hikari.HikariDataSource - HikariPool-3 - Shutdown completed.
2024-08-01 22:44:44 INFO  c.s.O.OnlyStudentApplication - Starting OnlyStudentApplication using Java 20.0.2 with PID 5843 (/home/peterson/Documentos/Projetos/OnlyStudent/target/classes started by peterson in /home/peterson/Documentos/Projetos/OnlyStudent)
2024-08-01 22:44:44 INFO  c.s.O.OnlyStudentApplication - No active profile set, falling back to 1 default profile: "default"
2024-08-01 22:44:45 INFO  o.s.d.r.c.RepositoryConfigurationDelegate - Bootstrapping Spring Data JPA repositories in DEFAULT mode.
2024-08-01 22:44:45 INFO  o.s.d.r.c.RepositoryConfigurationDelegate - Finished Spring Data repository scanning in 168 ms. Found 4 JPA repository interfaces.
2024-08-01 22:44:46 INFO  o.s.b.w.e.tomcat.TomcatWebServer - Tomcat initialized with port 8080 (http)
2024-08-01 22:44:46 INFO  o.a.coyote.http11.Http11NioProtocol - Initializing ProtocolHandler ["http-nio-8080"]
2024-08-01 22:44:46 INFO  o.a.catalina.core.StandardService - Starting service [Tomcat]
2024-08-01 22:44:46 INFO  o.a.catalina.core.StandardEngine - Starting Servlet engine: [Apache Tomcat/10.1.25]
2024-08-01 22:44:46 INFO  o.a.c.c.C.[Tomcat].[localhost].[/] - Initializing Spring embedded WebApplicationContext
2024-08-01 22:44:46 INFO  o.s.b.w.s.c.ServletWebServerApplicationContext - Root WebApplicationContext: initialization completed in 2267 ms
2024-08-01 22:44:47 INFO  o.h.jpa.internal.util.LogHelper - HHH000204: Processing PersistenceUnitInfo [name: default]
2024-08-01 22:44:47 INFO  o.h.c.i.RegionFactoryInitiator - HHH000026: Second-level cache disabled
2024-08-01 22:44:47 INFO  o.s.o.j.p.SpringPersistenceUnitInfo - No LoadTimeWeaver setup: ignoring JPA class transformer
2024-08-01 22:44:47 INFO  com.zaxxer.hikari.HikariDataSource - HikariPool-4 - Starting...
2024-08-01 22:44:47 INFO  com.zaxxer.hikari.pool.HikariPool - HikariPool-4 - Added connection org.postgresql.jdbc.PgConnection@60739479
2024-08-01 22:44:47 INFO  com.zaxxer.hikari.HikariDataSource - HikariPool-4 - Start completed.
2024-08-01 22:44:47 WARN  org.hibernate.orm.deprecation - HHH90000025: PostgreSQLDialect does not need to be specified explicitly using 'hibernate.dialect' (remove the property setting and it will be selected by default)
2024-08-01 22:44:48 INFO  o.h.e.t.j.p.i.JtaPlatformInitiator - HHH000489: No JTA platform available (set 'hibernate.transaction.jta.platform' to enable JTA platform integration)
2024-08-01 22:44:48 INFO  o.s.o.j.LocalContainerEntityManagerFactoryBean - Initialized JPA EntityManagerFactory for persistence unit 'default'
2024-08-01 22:44:48 WARN  o.s.b.a.o.j.JpaBaseConfiguration$JpaWebConfiguration - spring.jpa.open-in-view is enabled by default. Therefore, database queries may be performed during view rendering. Explicitly configure spring.jpa.open-in-view to disable this warning
2024-08-01 22:44:49 INFO  o.s.b.d.a.OptionalLiveReloadServer - LiveReload server is running on port 35729
2024-08-01 22:44:49 INFO  o.s.b.w.e.tomcat.TomcatWebServer - Tomcat started on port 8080 (http) with context path '/'
2024-08-01 22:44:49 INFO  c.s.O.OnlyStudentApplication - Started OnlyStudentApplication in 4.887 seconds (process running for 35988.22)
2024-08-01 22:44:49 INFO  o.s.o.j.LocalContainerEntityManagerFactoryBean - Closing JPA EntityManagerFactory for persistence unit 'default'
2024-08-01 22:44:49 INFO  com.zaxxer.hikari.HikariDataSource - HikariPool-4 - Shutdown initiated...
2024-08-01 22:44:49 INFO  com.zaxxer.hikari.HikariDataSource - HikariPool-4 - Shutdown completed.
